{"/Users/harvey.appleton/Documents/GitHub/react-native-sheet/jest.config.ts": {"path":"/Users/harvey.appleton/Documents/GitHub/react-native-sheet/jest.config.ts","statementMap":{"0":{"start":{"line":3,"column":38},"end":{"line":12,"column":1}}},"fnMap":{},"branchMap":{},"s":{"0":0},"f":{},"b":{}}
,"/Users/harvey.appleton/Documents/GitHub/react-native-sheet/example/index.js": {"path":"/Users/harvey.appleton/Documents/GitHub/react-native-sheet/example/index.js","statementMap":{"0":{"start":{"line":8,"column":0},"end":{"line":8,"column":27}}},"fnMap":{},"branchMap":{},"s":{"0":0},"f":{},"b":{}}
,"/Users/harvey.appleton/Documents/GitHub/react-native-sheet/example/metro.config.js": {"path":"/Users/harvey.appleton/Documents/GitHub/react-native-sheet/example/metro.config.js","statementMap":{"0":{"start":{"line":1,"column":13},"end":{"line":1,"column":28}},"1":{"start":{"line":2,"column":18},"end":{"line":2,"column":64}},"2":{"start":{"line":3,"column":15},"end":{"line":3,"column":46}},"3":{"start":{"line":4,"column":12},"end":{"line":4,"column":38}},"4":{"start":{"line":6,"column":13},"end":{"line":6,"column":42}},"5":{"start":{"line":8,"column":16},"end":{"line":10,"column":2}},"6":{"start":{"line":12,"column":0},"end":{"line":40,"column":2}},"7":{"start":{"line":22,"column":10},"end":{"line":22,"column":76}},"8":{"start":{"line":27,"column":6},"end":{"line":27,"column":61}},"9":{"start":{"line":28,"column":6},"end":{"line":28,"column":17}},"10":{"start":{"line":33,"column":38},"end":{"line":38,"column":5}}},"fnMap":{"0":{"name":"(anonymous_0)","decl":{"start":{"line":21,"column":8},"end":{"line":21,"column":9}},"loc":{"start":{"line":22,"column":10},"end":{"line":22,"column":76}},"line":22},"1":{"name":"(anonymous_1)","decl":{"start":{"line":26,"column":37},"end":{"line":26,"column":38}},"loc":{"start":{"line":26,"column":52},"end":{"line":29,"column":5}},"line":26},"2":{"name":"(anonymous_2)","decl":{"start":{"line":33,"column":25},"end":{"line":33,"column":26}},"loc":{"start":{"line":33,"column":38},"end":{"line":38,"column":5}},"line":33}},"branchMap":{},"s":{"0":0,"1":0,"2":0,"3":0,"4":0,"5":0,"6":0,"7":0,"8":0,"9":0,"10":0},"f":{"0":0,"1":0,"2":0},"b":{}}
,"/Users/harvey.appleton/Documents/GitHub/react-native-sheet/example/webpack.config.js": {"path":"/Users/harvey.appleton/Documents/GitHub/react-native-sheet/example/webpack.config.js","statementMap":{"0":{"start":{"line":1,"column":13},"end":{"line":1,"column":28}},"1":{"start":{"line":2,"column":37},"end":{"line":2,"column":68}},"2":{"start":{"line":3,"column":21},"end":{"line":3,"column":46}},"3":{"start":{"line":5,"column":13},"end":{"line":5,"column":42}},"4":{"start":{"line":6,"column":21},"end":{"line":6,"column":57}},"5":{"start":{"line":8,"column":0},"end":{"line":25,"column":2}},"6":{"start":{"line":9,"column":17},"end":{"line":9,"column":62}},"7":{"start":{"line":11,"column":2},"end":{"line":15,"column":5}},"8":{"start":{"line":19,"column":2},"end":{"line":22,"column":5}},"9":{"start":{"line":24,"column":2},"end":{"line":24,"column":16}}},"fnMap":{"0":{"name":"(anonymous_0)","decl":{"start":{"line":8,"column":17},"end":{"line":8,"column":18}},"loc":{"start":{"line":8,"column":44},"end":{"line":25,"column":1}},"line":8}},"branchMap":{},"s":{"0":0,"1":0,"2":0,"3":0,"4":0,"5":0,"6":0,"7":0,"8":0,"9":0},"f":{"0":0},"b":{}}
,"/Users/harvey.appleton/Documents/GitHub/react-native-sheet/example/src/App.tsx": {"path":"/Users/harvey.appleton/Documents/GitHub/react-native-sheet/example/src/App.tsx","statementMap":{"0":{"start":{"line":6,"column":22},"end":{"line":6,"column":49}},"1":{"start":{"line":7,"column":21},"end":{"line":7,"column":43}},"2":{"start":{"line":8,"column":22},"end":{"line":8,"column":50}},"3":{"start":{"line":10,"column":2},"end":{"line":22,"column":4}},"4":{"start":{"line":14,"column":63},"end":{"line":14,"column":90}},"5":{"start":{"line":18,"column":39},"end":{"line":18,"column":66}},"6":{"start":{"line":25,"column":15},"end":{"line":50,"column":2}}},"fnMap":{"0":{"name":"App","decl":{"start":{"line":5,"column":24},"end":{"line":5,"column":27}},"loc":{"start":{"line":5,"column":30},"end":{"line":23,"column":1}},"line":5},"1":{"name":"(anonymous_1)","decl":{"start":{"line":14,"column":57},"end":{"line":14,"column":58}},"loc":{"start":{"line":14,"column":63},"end":{"line":14,"column":90}},"line":14},"2":{"name":"(anonymous_2)","decl":{"start":{"line":18,"column":33},"end":{"line":18,"column":34}},"loc":{"start":{"line":18,"column":39},"end":{"line":18,"column":66}},"line":18}},"branchMap":{"0":{"loc":{"start":{"line":6,"column":22},"end":{"line":6,"column":49}},"type":"binary-expr","locations":[{"start":{"line":6,"column":22},"end":{"line":6,"column":38}},{"start":{"line":6,"column":42},"end":{"line":6,"column":49}}],"line":6},"1":{"loc":{"start":{"line":11,"column":55},"end":{"line":11,"column":89}},"type":"cond-expr","locations":[{"start":{"line":11,"column":68},"end":{"line":11,"column":77}},{"start":{"line":11,"column":80},"end":{"line":11,"column":89}}],"line":11},"2":{"loc":{"start":{"line":13,"column":30},"end":{"line":13,"column":64}},"type":"cond-expr","locations":[{"start":{"line":13,"column":43},"end":{"line":13,"column":52}},{"start":{"line":13,"column":55},"end":{"line":13,"column":64}}],"line":13},"3":{"loc":{"start":{"line":19,"column":30},"end":{"line":19,"column":64}},"type":"cond-expr","locations":[{"start":{"line":19,"column":43},"end":{"line":19,"column":52}},{"start":{"line":19,"column":55},"end":{"line":19,"column":64}}],"line":19}},"s":{"0":0,"1":0,"2":0,"3":0,"4":0,"5":0,"6":0},"f":{"0":0,"1":0,"2":0},"b":{"0":[0,0],"1":[0,0],"2":[0,0],"3":[0,0]}}
,"/Users/harvey.appleton/Documents/GitHub/react-native-sheet/lib/commonjs/index.ts": {"path":"/Users/harvey.appleton/Documents/GitHub/react-native-sheet/lib/commonjs/index.ts","statementMap":{"0":{"start":{"line":1,"column":0},"end":{"line":1,"column":null}}},"fnMap":{"0":{"name":"(anonymous_0)","decl":{"start":{"line":1,"column":0},"end":{"line":1,"column":null}},"loc":{"start":{"line":1,"column":0},"end":{"line":1,"column":null}}}},"branchMap":{"0":{"loc":{"start":{"line":1,"column":0},"end":{"line":1,"column":null}},"type":"if","locations":[{"start":{"line":1,"column":0},"end":{"line":1,"column":null}}]},"1":{"loc":{"start":{"line":1,"column":0},"end":{"line":1,"column":null}},"type":"binary-expr","locations":[{"start":{"line":1,"column":0},"end":{"line":1,"column":null}},{"start":{"line":1,"column":0},"end":{"line":1,"column":null}}]}},"s":{"0":0},"f":{"0":0},"b":{"0":[0],"1":[0,0]}}
,"/Users/harvey.appleton/Documents/GitHub/react-native-sheet/lib/commonjs/features/BottomSheet/BottomSheet.tsx": {"path":"/Users/harvey.appleton/Documents/GitHub/react-native-sheet/lib/commonjs/features/BottomSheet/BottomSheet.tsx","statementMap":{"0":{"start":{"line":1,"column":0},"end":{"line":1,"column":null}},"1":{"start":{"line":2,"column":0},"end":{"line":2,"column":null}},"2":{"start":{"line":3,"column":0},"end":{"line":3,"column":null}},"3":{"start":{"line":24,"column":27},"end":{"line":24,"column":null}},"4":{"start":{"line":38,"column":8},"end":{"line":38,"column":null}},"5":{"start":{"line":40,"column":24},"end":{"line":40,"column":null}},"6":{"start":{"line":41,"column":24},"end":{"line":41,"column":null}},"7":{"start":{"line":42,"column":23},"end":{"line":42,"column":null}},"8":{"start":{"line":43,"column":34},"end":{"line":43,"column":43}},"9":{"start":{"line":44,"column":27},"end":{"line":44,"column":35}},"10":{"start":{"line":44,"column":41},"end":{"line":44,"column":45}},"11":{"start":{"line":45,"column":16},"end":{"line":45,"column":24}},"12":{"start":{"line":45,"column":30},"end":{"line":45,"column":34}},"13":{"start":{"line":47,"column":31},"end":{"line":47,"column":null}},"14":{"start":{"line":50,"column":8},"end":{"line":58,"column":null}},"15":{"start":{"line":51,"column":10},"end":{"line":51,"column":20}},"16":{"start":{"line":52,"column":10},"end":{"line":52,"column":19}},"17":{"start":{"line":57,"column":10},"end":{"line":57,"column":null}},"18":{"start":{"line":61,"column":8},"end":{"line":61,"column":17}},"19":{"start":{"line":66,"column":10},"end":{"line":66,"column":13}},"20":{"start":{"line":67,"column":10},"end":{"line":67,"column":20}},"21":{"start":{"line":73,"column":25},"end":{"line":96,"column":null}},"22":{"start":{"line":75,"column":44},"end":{"line":75,"column":null}},"23":{"start":{"line":77,"column":10},"end":{"line":81,"column":null}},"24":{"start":{"line":78,"column":12},"end":{"line":78,"column":21}},"25":{"start":{"line":84,"column":35},"end":{"line":84,"column":null}},"26":{"start":{"line":85,"column":34},"end":{"line":85,"column":null}},"27":{"start":{"line":86,"column":10},"end":{"line":93,"column":null}},"28":{"start":{"line":87,"column":12},"end":{"line":87,"column":30}},"29":{"start":{"line":89,"column":12},"end":{"line":89,"column":21}},"30":{"start":{"line":98,"column":4},"end":{"line":98,"column":24}},"31":{"start":{"line":98,"column":36},"end":{"line":98,"column":null}},"32":{"start":{"line":99,"column":18},"end":{"line":99,"column":37}},"33":{"start":{"line":100,"column":18},"end":{"line":100,"column":37}},"34":{"start":{"line":103,"column":4},"end":{"line":103,"column":25}},"35":{"start":{"line":103,"column":18},"end":{"line":103,"column":25}},"36":{"start":{"line":104,"column":4},"end":{"line":104,"column":null}},"37":{"start":{"line":105,"column":65},"end":{"line":105,"column":84}},"38":{"start":{"line":115,"column":117},"end":{"line":115,"column":136}}},"fnMap":{"0":{"name":"(anonymous_5)","decl":{"start":{"line":25,"column":47},"end":{"line":25,"column":48}},"loc":{"start":{"line":25,"column":63},"end":{"line":149,"column":null}}},"1":{"name":"(anonymous_6)","decl":{"start":{"line":44,"column":35},"end":{"line":44,"column":41}},"loc":{"start":{"line":44,"column":41},"end":{"line":44,"column":45}}},"2":{"name":"(anonymous_7)","decl":{"start":{"line":45,"column":24},"end":{"line":45,"column":30}},"loc":{"start":{"line":45,"column":30},"end":{"line":45,"column":34}}},"3":{"name":"(anonymous_8)","decl":{"start":{"line":48,"column":7},"end":{"line":48,"column":31}},"loc":{"start":{"line":48,"column":31},"end":{"line":69,"column":null}}},"4":{"name":"(anonymous_9)","decl":{"start":{"line":65,"column":17},"end":{"line":65,"column":23}},"loc":{"start":{"line":65,"column":23},"end":{"line":68,"column":null}}},"5":{"name":"(anonymous_10)","decl":{"start":{"line":75,"column":38},"end":{"line":75,"column":44}},"loc":{"start":{"line":75,"column":44},"end":{"line":75,"column":null}}},"6":{"name":"(anonymous_11)","decl":{"start":{"line":76,"column":28},"end":{"line":76,"column":29}},"loc":{"start":{"line":76,"column":49},"end":{"line":82,"column":null}}},"7":{"name":"(anonymous_12)","decl":{"start":{"line":83,"column":31},"end":{"line":83,"column":32}},"loc":{"start":{"line":83,"column":53},"end":{"line":94,"column":null}}},"8":{"name":"(anonymous_13)","decl":{"start":{"line":98,"column":29},"end":{"line":98,"column":36}},"loc":{"start":{"line":98,"column":36},"end":{"line":98,"column":null}}},"9":{"name":"(anonymous_14)","decl":{"start":{"line":99,"column":12},"end":{"line":99,"column":18}},"loc":{"start":{"line":99,"column":18},"end":{"line":99,"column":37}}},"10":{"name":"(anonymous_15)","decl":{"start":{"line":100,"column":12},"end":{"line":100,"column":18}},"loc":{"start":{"line":100,"column":18},"end":{"line":100,"column":37}}},"11":{"name":"(anonymous_16)","decl":{"start":{"line":105,"column":59},"end":{"line":105,"column":65}},"loc":{"start":{"line":105,"column":65},"end":{"line":105,"column":84}}},"12":{"name":"(anonymous_17)","decl":{"start":{"line":115,"column":111},"end":{"line":115,"column":117}},"loc":{"start":{"line":115,"column":117},"end":{"line":115,"column":136}}}},"branchMap":{"0":{"loc":{"start":{"line":28,"column":6},"end":{"line":28,"column":null}},"type":"default-arg","locations":[{"start":{"line":28,"column":28},"end":{"line":28,"column":null}}]},"1":{"loc":{"start":{"line":31,"column":6},"end":{"line":31,"column":null}},"type":"default-arg","locations":[{"start":{"line":31,"column":18},"end":{"line":31,"column":null}}]},"2":{"loc":{"start":{"line":32,"column":6},"end":{"line":32,"column":null}},"type":"default-arg","locations":[{"start":{"line":32,"column":21},"end":{"line":32,"column":null}}]},"3":{"loc":{"start":{"line":40,"column":24},"end":{"line":40,"column":null}},"type":"binary-expr","locations":[{"start":{"line":40,"column":24},"end":{"line":40,"column":49}},{"start":{"line":40,"column":49},"end":{"line":40,"column":null}}]},"4":{"loc":{"start":{"line":41,"column":24},"end":{"line":41,"column":null}},"type":"binary-expr","locations":[{"start":{"line":41,"column":24},"end":{"line":41,"column":44}},{"start":{"line":41,"column":44},"end":{"line":41,"column":null}}]},"5":{"loc":{"start":{"line":50,"column":8},"end":{"line":58,"column":null}},"type":"if","locations":[{"start":{"line":50,"column":8},"end":{"line":58,"column":null}}]},"6":{"loc":{"start":{"line":77,"column":10},"end":{"line":81,"column":null}},"type":"if","locations":[{"start":{"line":77,"column":10},"end":{"line":81,"column":null}}]},"7":{"loc":{"start":{"line":86,"column":10},"end":{"line":93,"column":null}},"type":"if","locations":[{"start":{"line":86,"column":10},"end":{"line":93,"column":null}},{"start":{"line":88,"column":17},"end":{"line":93,"column":null}}]},"8":{"loc":{"start":{"line":103,"column":4},"end":{"line":103,"column":25}},"type":"if","locations":[{"start":{"line":103,"column":4},"end":{"line":103,"column":25}}]},"9":{"loc":{"start":{"line":110,"column":31},"end":{"line":110,"column":null}},"type":"binary-expr","locations":[{"start":{"line":110,"column":31},"end":{"line":110,"column":54}},{"start":{"line":110,"column":59},"end":{"line":110,"column":null}}]},"10":{"loc":{"start":{"line":117,"column":17},"end":{"line":117,"column":null}},"type":"binary-expr","locations":[{"start":{"line":117,"column":17},"end":{"line":117,"column":28}},{"start":{"line":117,"column":32},"end":{"line":117,"column":null}}]},"11":{"loc":{"start":{"line":125,"column":38},"end":{"line":125,"column":null}},"type":"cond-expr","locations":[{"start":{"line":125,"column":38},"end":{"line":125,"column":54}},{"start":{"line":125,"column":54},"end":{"line":125,"column":null}}]},"12":{"loc":{"start":{"line":125,"column":38},"end":{"line":125,"column":37}},"type":"binary-expr","locations":[{"start":{"line":125,"column":38},"end":{"line":125,"column":37}},{"start":{"line":125,"column":38},"end":{"line":125,"column":37}}]},"13":{"loc":{"start":{"line":126,"column":37},"end":{"line":126,"column":null}},"type":"cond-expr","locations":[{"start":{"line":126,"column":37},"end":{"line":126,"column":53}},{"start":{"line":126,"column":53},"end":{"line":126,"column":null}}]},"14":{"loc":{"start":{"line":126,"column":37},"end":{"line":126,"column":36}},"type":"binary-expr","locations":[{"start":{"line":126,"column":37},"end":{"line":126,"column":36}},{"start":{"line":126,"column":37},"end":{"line":126,"column":36}}]},"15":{"loc":{"start":{"line":127,"column":33},"end":{"line":127,"column":null}},"type":"cond-expr","locations":[{"start":{"line":127,"column":70},"end":{"line":127,"column":82}},{"start":{"line":127,"column":82},"end":{"line":127,"column":null}}]},"16":{"loc":{"start":{"line":127,"column":33},"end":{"line":127,"column":70}},"type":"binary-expr","locations":[{"start":{"line":127,"column":33},"end":{"line":127,"column":53}},{"start":{"line":127,"column":57},"end":{"line":127,"column":70}}]},"17":{"loc":{"start":{"line":131,"column":13},"end":{"line":132,"column":15}},"type":"binary-expr","locations":[{"start":{"line":131,"column":13},"end":{"line":131,"column":24}},{"start":{"line":131,"column":28},"end":{"line":131,"column":null}},{"start":{"line":132,"column":14},"end":{"line":132,"column":15}}]},"18":{"loc":{"start":{"line":138,"column":39},"end":{"line":138,"column":null}},"type":"cond-expr","locations":[{"start":{"line":138,"column":69},"end":{"line":138,"column":81}},{"start":{"line":138,"column":81},"end":{"line":138,"column":null}}]},"19":{"loc":{"start":{"line":138,"column":39},"end":{"line":138,"column":69}},"type":"binary-expr","locations":[{"start":{"line":138,"column":39},"end":{"line":138,"column":52}},{"start":{"line":138,"column":56},"end":{"line":138,"column":69}}]}},"s":{"0":0,"1":0,"2":0,"3":0,"4":0,"5":0,"6":0,"7":0,"8":0,"9":0,"10":0,"11":0,"12":0,"13":0,"14":0,"15":0,"16":0,"17":0,"18":0,"19":0,"20":0,"21":0,"22":0,"23":0,"24":0,"25":0,"26":0,"27":0,"28":0,"29":0,"30":0,"31":0,"32":0,"33":0,"34":0,"35":0,"36":0,"37":0,"38":0},"f":{"0":0,"1":0,"2":0,"3":0,"4":0,"5":0,"6":0,"7":0,"8":0,"9":0,"10":0,"11":0,"12":0},"b":{"0":[0],"1":[0],"2":[0],"3":[0,0],"4":[0,0],"5":[0],"6":[0],"7":[0,0],"8":[0],"9":[0,0],"10":[0,0],"11":[0,0],"12":[0,0],"13":[0,0],"14":[0,0],"15":[0,0],"16":[0,0],"17":[0,0,0],"18":[0,0],"19":[0,0]}}
,"/Users/harvey.appleton/Documents/GitHub/react-native-sheet/lib/commonjs/features/BottomSheet/index.ts": {"path":"/Users/harvey.appleton/Documents/GitHub/react-native-sheet/lib/commonjs/features/BottomSheet/index.ts","statementMap":{"0":{"start":{"line":1,"column":0},"end":{"line":1,"column":null}}},"fnMap":{"0":{"name":"(anonymous_0)","decl":{"start":{"line":1,"column":0},"end":{"line":1,"column":null}},"loc":{"start":{"line":1,"column":0},"end":{"line":1,"column":null}}}},"branchMap":{"0":{"loc":{"start":{"line":1,"column":0},"end":{"line":1,"column":null}},"type":"if","locations":[{"start":{"line":1,"column":0},"end":{"line":1,"column":null}}]},"1":{"loc":{"start":{"line":1,"column":0},"end":{"line":1,"column":null}},"type":"binary-expr","locations":[{"start":{"line":1,"column":0},"end":{"line":1,"column":null}},{"start":{"line":1,"column":0},"end":{"line":1,"column":null}}]}},"s":{"0":0},"f":{"0":0},"b":{"0":[0],"1":[0,0]}}
,"/Users/harvey.appleton/Documents/GitHub/react-native-sheet/lib/commonjs/features/BottomSheet/styles.ts": {"path":"/Users/harvey.appleton/Documents/GitHub/react-native-sheet/lib/commonjs/features/BottomSheet/styles.ts","statementMap":{"0":{"start":{"line":1,"column":0},"end":{"line":1,"column":null}},"1":{"start":{"line":3,"column":22},"end":{"line":3,"column":33}}},"fnMap":{},"branchMap":{"0":{"loc":{"start":{"line":11,"column":8},"end":{"line":23,"column":null}},"type":"cond-expr","locations":[{"start":{"line":12,"column":9},"end":{"line":12,"column":null}},{"start":{"line":23,"column":8},"end":{"line":23,"column":null}}]},"1":{"loc":{"start":{"line":31,"column":8},"end":{"line":39,"column":null}},"type":"cond-expr","locations":[{"start":{"line":32,"column":8},"end":{"line":32,"column":null}},{"start":{"line":39,"column":8},"end":{"line":39,"column":null}}]}},"s":{"0":0,"1":0},"f":{},"b":{"0":[0,0],"1":[0,0]}}
,"/Users/harvey.appleton/Documents/GitHub/react-native-sheet/lib/module/features/BottomSheet/BottomSheet.tsx": {"path":"/Users/harvey.appleton/Documents/GitHub/react-native-sheet/lib/module/features/BottomSheet/BottomSheet.tsx","statementMap":{"0":{"start":{"line":24,"column":27},"end":{"line":24,"column":null}},"1":{"start":{"line":38,"column":8},"end":{"line":38,"column":null}},"2":{"start":{"line":40,"column":24},"end":{"line":40,"column":null}},"3":{"start":{"line":41,"column":24},"end":{"line":41,"column":null}},"4":{"start":{"line":42,"column":23},"end":{"line":42,"column":null}},"5":{"start":{"line":43,"column":34},"end":{"line":43,"column":43}},"6":{"start":{"line":44,"column":27},"end":{"line":44,"column":35}},"7":{"start":{"line":44,"column":41},"end":{"line":44,"column":45}},"8":{"start":{"line":45,"column":16},"end":{"line":45,"column":24}},"9":{"start":{"line":45,"column":30},"end":{"line":45,"column":34}},"10":{"start":{"line":47,"column":31},"end":{"line":47,"column":null}},"11":{"start":{"line":50,"column":8},"end":{"line":58,"column":null}},"12":{"start":{"line":51,"column":10},"end":{"line":51,"column":20}},"13":{"start":{"line":52,"column":10},"end":{"line":52,"column":18}},"14":{"start":{"line":57,"column":10},"end":{"line":57,"column":null}},"15":{"start":{"line":61,"column":8},"end":{"line":61,"column":16}},"16":{"start":{"line":66,"column":10},"end":{"line":66,"column":13}},"17":{"start":{"line":67,"column":10},"end":{"line":67,"column":20}},"18":{"start":{"line":73,"column":25},"end":{"line":96,"column":null}},"19":{"start":{"line":75,"column":44},"end":{"line":75,"column":null}},"20":{"start":{"line":77,"column":10},"end":{"line":81,"column":null}},"21":{"start":{"line":78,"column":12},"end":{"line":78,"column":20}},"22":{"start":{"line":84,"column":35},"end":{"line":84,"column":null}},"23":{"start":{"line":85,"column":34},"end":{"line":85,"column":null}},"24":{"start":{"line":86,"column":10},"end":{"line":93,"column":null}},"25":{"start":{"line":87,"column":12},"end":{"line":87,"column":30}},"26":{"start":{"line":89,"column":12},"end":{"line":89,"column":20}},"27":{"start":{"line":98,"column":4},"end":{"line":98,"column":23}},"28":{"start":{"line":98,"column":36},"end":{"line":98,"column":null}},"29":{"start":{"line":99,"column":18},"end":{"line":99,"column":37}},"30":{"start":{"line":100,"column":18},"end":{"line":100,"column":37}},"31":{"start":{"line":103,"column":4},"end":{"line":103,"column":25}},"32":{"start":{"line":103,"column":18},"end":{"line":103,"column":25}},"33":{"start":{"line":104,"column":4},"end":{"line":104,"column":null}},"34":{"start":{"line":105,"column":65},"end":{"line":105,"column":84}},"35":{"start":{"line":115,"column":117},"end":{"line":115,"column":136}}},"fnMap":{"0":{"name":"(anonymous_2)","decl":{"start":{"line":25,"column":47},"end":{"line":25,"column":48}},"loc":{"start":{"line":25,"column":63},"end":{"line":149,"column":null}}},"1":{"name":"(anonymous_3)","decl":{"start":{"line":44,"column":35},"end":{"line":44,"column":41}},"loc":{"start":{"line":44,"column":41},"end":{"line":44,"column":45}}},"2":{"name":"(anonymous_4)","decl":{"start":{"line":45,"column":24},"end":{"line":45,"column":30}},"loc":{"start":{"line":45,"column":30},"end":{"line":45,"column":34}}},"3":{"name":"(anonymous_5)","decl":{"start":{"line":48,"column":7},"end":{"line":48,"column":31}},"loc":{"start":{"line":48,"column":31},"end":{"line":69,"column":null}}},"4":{"name":"(anonymous_6)","decl":{"start":{"line":65,"column":17},"end":{"line":65,"column":23}},"loc":{"start":{"line":65,"column":23},"end":{"line":68,"column":null}}},"5":{"name":"(anonymous_7)","decl":{"start":{"line":75,"column":38},"end":{"line":75,"column":44}},"loc":{"start":{"line":75,"column":44},"end":{"line":75,"column":null}}},"6":{"name":"(anonymous_8)","decl":{"start":{"line":76,"column":28},"end":{"line":76,"column":29}},"loc":{"start":{"line":76,"column":49},"end":{"line":82,"column":null}}},"7":{"name":"(anonymous_9)","decl":{"start":{"line":83,"column":31},"end":{"line":83,"column":32}},"loc":{"start":{"line":83,"column":53},"end":{"line":94,"column":null}}},"8":{"name":"(anonymous_10)","decl":{"start":{"line":98,"column":29},"end":{"line":98,"column":36}},"loc":{"start":{"line":98,"column":36},"end":{"line":98,"column":null}}},"9":{"name":"(anonymous_11)","decl":{"start":{"line":99,"column":12},"end":{"line":99,"column":18}},"loc":{"start":{"line":99,"column":18},"end":{"line":99,"column":37}}},"10":{"name":"(anonymous_12)","decl":{"start":{"line":100,"column":12},"end":{"line":100,"column":18}},"loc":{"start":{"line":100,"column":18},"end":{"line":100,"column":37}}},"11":{"name":"(anonymous_13)","decl":{"start":{"line":105,"column":59},"end":{"line":105,"column":65}},"loc":{"start":{"line":105,"column":65},"end":{"line":105,"column":84}}},"12":{"name":"(anonymous_14)","decl":{"start":{"line":115,"column":111},"end":{"line":115,"column":117}},"loc":{"start":{"line":115,"column":117},"end":{"line":115,"column":136}}}},"branchMap":{"0":{"loc":{"start":{"line":28,"column":6},"end":{"line":28,"column":null}},"type":"default-arg","locations":[{"start":{"line":28,"column":28},"end":{"line":28,"column":null}}]},"1":{"loc":{"start":{"line":31,"column":6},"end":{"line":31,"column":null}},"type":"default-arg","locations":[{"start":{"line":31,"column":18},"end":{"line":31,"column":null}}]},"2":{"loc":{"start":{"line":32,"column":6},"end":{"line":32,"column":null}},"type":"default-arg","locations":[{"start":{"line":32,"column":21},"end":{"line":32,"column":null}}]},"3":{"loc":{"start":{"line":40,"column":24},"end":{"line":40,"column":null}},"type":"binary-expr","locations":[{"start":{"line":40,"column":24},"end":{"line":40,"column":49}},{"start":{"line":40,"column":49},"end":{"line":40,"column":null}}]},"4":{"loc":{"start":{"line":41,"column":24},"end":{"line":41,"column":null}},"type":"binary-expr","locations":[{"start":{"line":41,"column":24},"end":{"line":41,"column":44}},{"start":{"line":41,"column":44},"end":{"line":41,"column":null}}]},"5":{"loc":{"start":{"line":50,"column":8},"end":{"line":58,"column":null}},"type":"if","locations":[{"start":{"line":50,"column":8},"end":{"line":58,"column":null}}]},"6":{"loc":{"start":{"line":77,"column":10},"end":{"line":81,"column":null}},"type":"if","locations":[{"start":{"line":77,"column":10},"end":{"line":81,"column":null}}]},"7":{"loc":{"start":{"line":86,"column":10},"end":{"line":93,"column":null}},"type":"if","locations":[{"start":{"line":86,"column":10},"end":{"line":93,"column":null}},{"start":{"line":88,"column":17},"end":{"line":93,"column":null}}]},"8":{"loc":{"start":{"line":103,"column":4},"end":{"line":103,"column":25}},"type":"if","locations":[{"start":{"line":103,"column":4},"end":{"line":103,"column":25}}]},"9":{"loc":{"start":{"line":110,"column":31},"end":{"line":110,"column":null}},"type":"binary-expr","locations":[{"start":{"line":110,"column":31},"end":{"line":110,"column":54}},{"start":{"line":110,"column":59},"end":{"line":110,"column":null}}]},"10":{"loc":{"start":{"line":117,"column":17},"end":{"line":117,"column":null}},"type":"binary-expr","locations":[{"start":{"line":117,"column":17},"end":{"line":117,"column":28}},{"start":{"line":117,"column":32},"end":{"line":117,"column":null}}]},"11":{"loc":{"start":{"line":125,"column":38},"end":{"line":125,"column":null}},"type":"cond-expr","locations":[{"start":{"line":125,"column":38},"end":{"line":125,"column":54}},{"start":{"line":125,"column":54},"end":{"line":125,"column":null}}]},"12":{"loc":{"start":{"line":125,"column":38},"end":{"line":125,"column":37}},"type":"binary-expr","locations":[{"start":{"line":125,"column":38},"end":{"line":125,"column":37}},{"start":{"line":125,"column":38},"end":{"line":125,"column":37}}]},"13":{"loc":{"start":{"line":126,"column":37},"end":{"line":126,"column":null}},"type":"cond-expr","locations":[{"start":{"line":126,"column":37},"end":{"line":126,"column":53}},{"start":{"line":126,"column":53},"end":{"line":126,"column":null}}]},"14":{"loc":{"start":{"line":126,"column":37},"end":{"line":126,"column":36}},"type":"binary-expr","locations":[{"start":{"line":126,"column":37},"end":{"line":126,"column":36}},{"start":{"line":126,"column":37},"end":{"line":126,"column":36}}]},"15":{"loc":{"start":{"line":127,"column":33},"end":{"line":127,"column":null}},"type":"cond-expr","locations":[{"start":{"line":127,"column":70},"end":{"line":127,"column":82}},{"start":{"line":127,"column":82},"end":{"line":127,"column":null}}]},"16":{"loc":{"start":{"line":127,"column":33},"end":{"line":127,"column":70}},"type":"binary-expr","locations":[{"start":{"line":127,"column":33},"end":{"line":127,"column":53}},{"start":{"line":127,"column":57},"end":{"line":127,"column":70}}]},"17":{"loc":{"start":{"line":131,"column":13},"end":{"line":132,"column":15}},"type":"binary-expr","locations":[{"start":{"line":131,"column":13},"end":{"line":131,"column":24}},{"start":{"line":131,"column":28},"end":{"line":131,"column":null}},{"start":{"line":132,"column":14},"end":{"line":132,"column":15}}]},"18":{"loc":{"start":{"line":138,"column":39},"end":{"line":138,"column":null}},"type":"cond-expr","locations":[{"start":{"line":138,"column":69},"end":{"line":138,"column":81}},{"start":{"line":138,"column":81},"end":{"line":138,"column":null}}]},"19":{"loc":{"start":{"line":138,"column":39},"end":{"line":138,"column":69}},"type":"binary-expr","locations":[{"start":{"line":138,"column":39},"end":{"line":138,"column":52}},{"start":{"line":138,"column":56},"end":{"line":138,"column":69}}]}},"s":{"0":0,"1":0,"2":0,"3":0,"4":0,"5":0,"6":0,"7":0,"8":0,"9":0,"10":0,"11":0,"12":0,"13":0,"14":0,"15":0,"16":0,"17":0,"18":0,"19":0,"20":0,"21":0,"22":0,"23":0,"24":0,"25":0,"26":0,"27":0,"28":0,"29":0,"30":0,"31":0,"32":0,"33":0,"34":0,"35":0},"f":{"0":0,"1":0,"2":0,"3":0,"4":0,"5":0,"6":0,"7":0,"8":0,"9":0,"10":0,"11":0,"12":0},"b":{"0":[0],"1":[0],"2":[0],"3":[0,0],"4":[0,0],"5":[0],"6":[0],"7":[0,0],"8":[0],"9":[0,0],"10":[0,0],"11":[0,0],"12":[0,0],"13":[0,0],"14":[0,0],"15":[0,0],"16":[0,0],"17":[0,0,0],"18":[0,0],"19":[0,0]}}
,"/Users/harvey.appleton/Documents/GitHub/react-native-sheet/lib/module/features/BottomSheet/styles.ts": {"path":"/Users/harvey.appleton/Documents/GitHub/react-native-sheet/lib/module/features/BottomSheet/styles.ts","statementMap":{"0":{"start":{"line":3,"column":22},"end":{"line":3,"column":32}}},"fnMap":{},"branchMap":{"0":{"loc":{"start":{"line":11,"column":8},"end":{"line":23,"column":null}},"type":"cond-expr","locations":[{"start":{"line":12,"column":9},"end":{"line":12,"column":null}},{"start":{"line":23,"column":8},"end":{"line":23,"column":null}}]},"1":{"loc":{"start":{"line":31,"column":8},"end":{"line":39,"column":null}},"type":"cond-expr","locations":[{"start":{"line":32,"column":8},"end":{"line":32,"column":null}},{"start":{"line":39,"column":8},"end":{"line":39,"column":null}}]}},"s":{"0":0},"f":{},"b":{"0":[0,0],"1":[0,0]}}
,"/Users/harvey.appleton/Documents/GitHub/react-native-sheet/lib/typescript/jest.config.d.ts": {"path":"/Users/harvey.appleton/Documents/GitHub/react-native-sheet/lib/typescript/jest.config.d.ts","statementMap":{},"fnMap":{},"branchMap":{},"s":{},"f":{},"b":{}}
,"/Users/harvey.appleton/Documents/GitHub/react-native-sheet/lib/typescript/src/index.d.ts": {"path":"/Users/harvey.appleton/Documents/GitHub/react-native-sheet/lib/typescript/src/index.d.ts","statementMap":{},"fnMap":{},"branchMap":{},"s":{},"f":{},"b":{}}
,"/Users/harvey.appleton/Documents/GitHub/react-native-sheet/lib/typescript/src/features/BottomSheet/BottomSheet.d.ts": {"path":"/Users/harvey.appleton/Documents/GitHub/react-native-sheet/lib/typescript/src/features/BottomSheet/BottomSheet.d.ts","statementMap":{},"fnMap":{},"branchMap":{},"s":{},"f":{},"b":{}}
,"/Users/harvey.appleton/Documents/GitHub/react-native-sheet/lib/typescript/src/features/BottomSheet/index.d.ts": {"path":"/Users/harvey.appleton/Documents/GitHub/react-native-sheet/lib/typescript/src/features/BottomSheet/index.d.ts","statementMap":{},"fnMap":{},"branchMap":{},"s":{},"f":{},"b":{}}
,"/Users/harvey.appleton/Documents/GitHub/react-native-sheet/lib/typescript/src/features/BottomSheet/styles.d.ts": {"path":"/Users/harvey.appleton/Documents/GitHub/react-native-sheet/lib/typescript/src/features/BottomSheet/styles.d.ts","statementMap":{},"fnMap":{},"branchMap":{},"s":{},"f":{},"b":{}}
,"/Users/harvey.appleton/Documents/GitHub/react-native-sheet/scripts/bootstrap.js": {"path":"/Users/harvey.appleton/Documents/GitHub/react-native-sheet/scripts/bootstrap.js","statementMap":{"0":{"start":{"line":1,"column":11},"end":{"line":1,"column":24}},"1":{"start":{"line":2,"column":13},"end":{"line":2,"column":28}},"2":{"start":{"line":3,"column":22},"end":{"line":3,"column":46}},"3":{"start":{"line":5,"column":13},"end":{"line":5,"column":42}},"4":{"start":{"line":6,"column":13},"end":{"line":6,"column":34}},"5":{"start":{"line":7,"column":16},"end":{"line":12,"column":1}},"6":{"start":{"line":14,"column":0},"end":{"line":16,"column":1}},"7":{"start":{"line":15,"column":2},"end":{"line":15,"column":22}},"8":{"start":{"line":20,"column":0},"end":{"line":27,"column":1}},"9":{"start":{"line":23,"column":2},"end":{"line":23,"column":58}},"10":{"start":{"line":26,"column":2},"end":{"line":26,"column":67}},"11":{"start":{"line":29,"column":0},"end":{"line":29,"column":33}}},"fnMap":{},"branchMap":{"0":{"loc":{"start":{"line":14,"column":0},"end":{"line":16,"column":1}},"type":"if","locations":[{"start":{"line":14,"column":0},"end":{"line":16,"column":1}},{"start":{},"end":{}}],"line":14},"1":{"loc":{"start":{"line":20,"column":0},"end":{"line":27,"column":1}},"type":"if","locations":[{"start":{"line":20,"column":0},"end":{"line":27,"column":1}},{"start":{"line":24,"column":7},"end":{"line":27,"column":1}}],"line":20},"2":{"loc":{"start":{"line":20,"column":4},"end":{"line":20,"column":41}},"type":"binary-expr","locations":[{"start":{"line":20,"column":4},"end":{"line":20,"column":26}},{"start":{"line":20,"column":30},"end":{"line":20,"column":41}}],"line":20}},"s":{"0":0,"1":0,"2":0,"3":0,"4":0,"5":0,"6":0,"7":0,"8":0,"9":0,"10":0,"11":0},"f":{},"b":{"0":[0,0],"1":[0,0],"2":[0,0]}}
,"/Users/harvey.appleton/Documents/GitHub/react-native-sheet/src/index.ts": {"path":"/Users/harvey.appleton/Documents/GitHub/react-native-sheet/src/index.ts","statementMap":{},"fnMap":{},"branchMap":{},"s":{},"f":{},"b":{}}
,"/Users/harvey.appleton/Documents/GitHub/react-native-sheet/src/features/BottomSheet/BottomSheet.tsx": {"path":"/Users/harvey.appleton/Documents/GitHub/react-native-sheet/src/features/BottomSheet/BottomSheet.tsx","statementMap":{"0":{"start":{"line":28,"column":27},"end":{"line":163,"column":1}},"1":{"start":{"line":46,"column":8},"end":{"line":46,"column":13}},"2":{"start":{"line":48,"column":24},"end":{"line":48,"column":60}},"3":{"start":{"line":49,"column":24},"end":{"line":49,"column":51}},"4":{"start":{"line":50,"column":23},"end":{"line":50,"column":45}},"5":{"start":{"line":51,"column":34},"end":{"line":51,"column":49}},"6":{"start":{"line":52,"column":27},"end":{"line":52,"column":67}},"7":{"start":{"line":52,"column":41},"end":{"line":52,"column":62}},"8":{"start":{"line":53,"column":16},"end":{"line":53,"column":57}},"9":{"start":{"line":53,"column":30},"end":{"line":53,"column":52}},"10":{"start":{"line":55,"column":31},"end":{"line":84,"column":5}},"11":{"start":{"line":58,"column":8},"end":{"line":69,"column":9}},"12":{"start":{"line":59,"column":10},"end":{"line":59,"column":27}},"13":{"start":{"line":60,"column":10},"end":{"line":60,"column":63}},"14":{"start":{"line":60,"column":49},"end":{"line":60,"column":63}},"15":{"start":{"line":61,"column":10},"end":{"line":67,"column":13}},"16":{"start":{"line":66,"column":12},"end":{"line":66,"column":67}},"17":{"start":{"line":66,"column":52},"end":{"line":66,"column":67}},"18":{"start":{"line":68,"column":10},"end":{"line":68,"column":17}},"19":{"start":{"line":72,"column":8},"end":{"line":72,"column":63}},"20":{"start":{"line":72,"column":48},"end":{"line":72,"column":63}},"21":{"start":{"line":73,"column":8},"end":{"line":81,"column":11}},"22":{"start":{"line":78,"column":10},"end":{"line":78,"column":39}},"23":{"start":{"line":79,"column":10},"end":{"line":79,"column":28}},"24":{"start":{"line":80,"column":10},"end":{"line":80,"column":67}},"25":{"start":{"line":80,"column":51},"end":{"line":80,"column":67}},"26":{"start":{"line":86,"column":25},"end":{"line":109,"column":13}},"27":{"start":{"line":88,"column":44},"end":{"line":88,"column":48}},"28":{"start":{"line":90,"column":10},"end":{"line":94,"column":11}},"29":{"start":{"line":91,"column":12},"end":{"line":93,"column":32}},"30":{"start":{"line":97,"column":35},"end":{"line":97,"column":45}},"31":{"start":{"line":98,"column":34},"end":{"line":98,"column":49}},"32":{"start":{"line":99,"column":10},"end":{"line":106,"column":11}},"33":{"start":{"line":100,"column":12},"end":{"line":100,"column":38}},"34":{"start":{"line":102,"column":12},"end":{"line":105,"column":23}},"35":{"start":{"line":111,"column":4},"end":{"line":114,"column":8}},"36":{"start":{"line":111,"column":36},"end":{"line":114,"column":5}},"37":{"start":{"line":112,"column":18},"end":{"line":112,"column":42}},"38":{"start":{"line":113,"column":18},"end":{"line":113,"column":43}},"39":{"start":{"line":116,"column":4},"end":{"line":116,"column":30}},"40":{"start":{"line":116,"column":18},"end":{"line":116,"column":30}},"41":{"start":{"line":117,"column":4},"end":{"line":161,"column":6}},"42":{"start":{"line":118,"column":65},"end":{"line":118,"column":90}},"43":{"start":{"line":128,"column":117},"end":{"line":128,"column":142}}},"fnMap":{"0":{"name":"(anonymous_0)","decl":{"start":{"line":29,"column":47},"end":{"line":29,"column":48}},"loc":{"start":{"line":29,"column":63},"end":{"line":162,"column":3}},"line":29},"1":{"name":"(anonymous_1)","decl":{"start":{"line":52,"column":35},"end":{"line":52,"column":36}},"loc":{"start":{"line":52,"column":41},"end":{"line":52,"column":62}},"line":52},"2":{"name":"(anonymous_2)","decl":{"start":{"line":53,"column":24},"end":{"line":53,"column":25}},"loc":{"start":{"line":53,"column":30},"end":{"line":53,"column":52}},"line":53},"3":{"name":"(anonymous_3)","decl":{"start":{"line":56,"column":6},"end":{"line":56,"column":7}},"loc":{"start":{"line":56,"column":31},"end":{"line":82,"column":7}},"line":56},"4":{"name":"(anonymous_4)","decl":{"start":{"line":65,"column":19},"end":{"line":65,"column":20}},"loc":{"start":{"line":65,"column":25},"end":{"line":67,"column":11}},"line":65},"5":{"name":"(anonymous_5)","decl":{"start":{"line":77,"column":17},"end":{"line":77,"column":18}},"loc":{"start":{"line":77,"column":23},"end":{"line":81,"column":9}},"line":77},"6":{"name":"(anonymous_6)","decl":{"start":{"line":88,"column":38},"end":{"line":88,"column":39}},"loc":{"start":{"line":88,"column":44},"end":{"line":88,"column":48}},"line":88},"7":{"name":"(anonymous_7)","decl":{"start":{"line":89,"column":28},"end":{"line":89,"column":29}},"loc":{"start":{"line":89,"column":49},"end":{"line":95,"column":9}},"line":89},"8":{"name":"(anonymous_8)","decl":{"start":{"line":96,"column":31},"end":{"line":96,"column":32}},"loc":{"start":{"line":96,"column":53},"end":{"line":107,"column":9}},"line":96},"9":{"name":"(anonymous_9)","decl":{"start":{"line":111,"column":29},"end":{"line":111,"column":30}},"loc":{"start":{"line":111,"column":36},"end":{"line":114,"column":5}},"line":111},"10":{"name":"(anonymous_10)","decl":{"start":{"line":112,"column":12},"end":{"line":112,"column":13}},"loc":{"start":{"line":112,"column":18},"end":{"line":112,"column":42}},"line":112},"11":{"name":"(anonymous_11)","decl":{"start":{"line":113,"column":12},"end":{"line":113,"column":13}},"loc":{"start":{"line":113,"column":18},"end":{"line":113,"column":43}},"line":113},"12":{"name":"(anonymous_12)","decl":{"start":{"line":118,"column":59},"end":{"line":118,"column":60}},"loc":{"start":{"line":118,"column":65},"end":{"line":118,"column":90}},"line":118},"13":{"name":"(anonymous_13)","decl":{"start":{"line":128,"column":111},"end":{"line":128,"column":112}},"loc":{"start":{"line":128,"column":117},"end":{"line":128,"column":142}},"line":128}},"branchMap":{"0":{"loc":{"start":{"line":32,"column":6},"end":{"line":32,"column":32}},"type":"default-arg","locations":[{"start":{"line":32,"column":28},"end":{"line":32,"column":32}}],"line":32},"1":{"loc":{"start":{"line":35,"column":6},"end":{"line":35,"column":22}},"type":"default-arg","locations":[{"start":{"line":35,"column":18},"end":{"line":35,"column":22}}],"line":35},"2":{"loc":{"start":{"line":36,"column":6},"end":{"line":36,"column":25}},"type":"default-arg","locations":[{"start":{"line":36,"column":21},"end":{"line":36,"column":25}}],"line":36},"3":{"loc":{"start":{"line":48,"column":24},"end":{"line":48,"column":60}},"type":"binary-expr","locations":[{"start":{"line":48,"column":24},"end":{"line":48,"column":45}},{"start":{"line":48,"column":49},"end":{"line":48,"column":60}}],"line":48},"4":{"loc":{"start":{"line":49,"column":24},"end":{"line":49,"column":51}},"type":"binary-expr","locations":[{"start":{"line":49,"column":24},"end":{"line":49,"column":40}},{"start":{"line":49,"column":44},"end":{"line":49,"column":51}}],"line":49},"5":{"loc":{"start":{"line":58,"column":8},"end":{"line":69,"column":9}},"type":"if","locations":[{"start":{"line":58,"column":8},"end":{"line":69,"column":9}},{"start":{},"end":{}}],"line":58},"6":{"loc":{"start":{"line":60,"column":10},"end":{"line":60,"column":63}},"type":"if","locations":[{"start":{"line":60,"column":10},"end":{"line":60,"column":63}},{"start":{},"end":{}}],"line":60},"7":{"loc":{"start":{"line":66,"column":12},"end":{"line":66,"column":67}},"type":"if","locations":[{"start":{"line":66,"column":12},"end":{"line":66,"column":67}},{"start":{},"end":{}}],"line":66},"8":{"loc":{"start":{"line":72,"column":8},"end":{"line":72,"column":63}},"type":"if","locations":[{"start":{"line":72,"column":8},"end":{"line":72,"column":63}},{"start":{},"end":{}}],"line":72},"9":{"loc":{"start":{"line":80,"column":10},"end":{"line":80,"column":67}},"type":"if","locations":[{"start":{"line":80,"column":10},"end":{"line":80,"column":67}},{"start":{},"end":{}}],"line":80},"10":{"loc":{"start":{"line":90,"column":10},"end":{"line":94,"column":11}},"type":"if","locations":[{"start":{"line":90,"column":10},"end":{"line":94,"column":11}},{"start":{},"end":{}}],"line":90},"11":{"loc":{"start":{"line":99,"column":10},"end":{"line":106,"column":11}},"type":"if","locations":[{"start":{"line":99,"column":10},"end":{"line":106,"column":11}},{"start":{"line":101,"column":17},"end":{"line":106,"column":11}}],"line":99},"12":{"loc":{"start":{"line":116,"column":4},"end":{"line":116,"column":30}},"type":"if","locations":[{"start":{"line":116,"column":4},"end":{"line":116,"column":30}},{"start":{},"end":{}}],"line":116},"13":{"loc":{"start":{"line":123,"column":31},"end":{"line":123,"column":69}},"type":"binary-expr","locations":[{"start":{"line":123,"column":31},"end":{"line":123,"column":54}},{"start":{"line":123,"column":58},"end":{"line":123,"column":69}}],"line":123},"14":{"loc":{"start":{"line":130,"column":17},"end":{"line":130,"column":56}},"type":"binary-expr","locations":[{"start":{"line":130,"column":17},"end":{"line":130,"column":28}},{"start":{"line":130,"column":32},"end":{"line":130,"column":56}}],"line":130},"15":{"loc":{"start":{"line":138,"column":38},"end":{"line":138,"column":56}},"type":"binary-expr","locations":[{"start":{"line":138,"column":38},"end":{"line":138,"column":50}},{"start":{"line":138,"column":54},"end":{"line":138,"column":56}}],"line":138},"16":{"loc":{"start":{"line":139,"column":37},"end":{"line":139,"column":55}},"type":"binary-expr","locations":[{"start":{"line":139,"column":37},"end":{"line":139,"column":49}},{"start":{"line":139,"column":53},"end":{"line":139,"column":55}}],"line":139},"17":{"loc":{"start":{"line":140,"column":33},"end":{"line":140,"column":91}},"type":"cond-expr","locations":[{"start":{"line":140,"column":70},"end":{"line":140,"column":79}},{"start":{"line":140,"column":82},"end":{"line":140,"column":91}}],"line":140},"18":{"loc":{"start":{"line":140,"column":33},"end":{"line":140,"column":67}},"type":"binary-expr","locations":[{"start":{"line":140,"column":33},"end":{"line":140,"column":53}},{"start":{"line":140,"column":57},"end":{"line":140,"column":67}}],"line":140},"19":{"loc":{"start":{"line":144,"column":13},"end":{"line":156,"column":13}},"type":"binary-expr","locations":[{"start":{"line":144,"column":13},"end":{"line":144,"column":24}},{"start":{"line":144,"column":28},"end":{"line":144,"column":40}},{"start":{"line":145,"column":14},"end":{"line":155,"column":21}}],"line":144},"20":{"loc":{"start":{"line":151,"column":39},"end":{"line":151,"column":90}},"type":"cond-expr","locations":[{"start":{"line":151,"column":69},"end":{"line":151,"column":78}},{"start":{"line":151,"column":81},"end":{"line":151,"column":90}}],"line":151},"21":{"loc":{"start":{"line":151,"column":39},"end":{"line":151,"column":66}},"type":"binary-expr","locations":[{"start":{"line":151,"column":39},"end":{"line":151,"column":52}},{"start":{"line":151,"column":56},"end":{"line":151,"column":66}}],"line":151}},"s":{"0":1,"1":3,"2":2,"3":2,"4":2,"5":2,"6":2,"7":1,"8":2,"9":1,"10":2,"11":1,"12":1,"13":1,"14":0,"15":1,"16":1,"17":0,"18":1,"19":0,"20":0,"21":0,"22":0,"23":0,"24":0,"25":0,"26":2,"27":0,"28":0,"29":0,"30":0,"31":0,"32":0,"33":0,"34":0,"35":2,"36":2,"37":1,"38":0,"39":2,"40":1,"41":1,"42":0,"43":0},"f":{"0":3,"1":1,"2":1,"3":1,"4":1,"5":0,"6":0,"7":0,"8":0,"9":2,"10":1,"11":0,"12":0,"13":0},"b":{"0":[2],"1":[2],"2":[2],"3":[2,2],"4":[2,0],"5":[1,0],"6":[0,1],"7":[0,1],"8":[0,0],"9":[0,0],"10":[0,0],"11":[0,0],"12":[1,1],"13":[1,1],"14":[1,1],"15":[1,1],"16":[1,1],"17":[0,1],"18":[1,1],"19":[1,1,1],"20":[0,1],"21":[1,1]},"_coverageSchema":"1a1c01bbd47fc00a2c39e90264f33305004495a9","hash":"6fcc80015cf3241c2a458245a03b3a7ab92ae5ac"}
,"/Users/harvey.appleton/Documents/GitHub/react-native-sheet/src/features/BottomSheet/index.ts": {"path":"/Users/harvey.appleton/Documents/GitHub/react-native-sheet/src/features/BottomSheet/index.ts","statementMap":{},"fnMap":{},"branchMap":{},"s":{},"f":{},"b":{},"_coverageSchema":"1a1c01bbd47fc00a2c39e90264f33305004495a9","hash":"1ff2fd42bf226ded211904c74e71e89a77730818"}
,"/Users/harvey.appleton/Documents/GitHub/react-native-sheet/src/features/BottomSheet/styles.ts": {"path":"/Users/harvey.appleton/Documents/GitHub/react-native-sheet/src/features/BottomSheet/styles.ts","statementMap":{"0":{"start":{"line":3,"column":22},"end":{"line":53,"column":2}}},"fnMap":{},"branchMap":{"0":{"loc":{"start":{"line":11,"column":8},"end":{"line":23,"column":10}},"type":"cond-expr","locations":[{"start":{"line":12,"column":9},"end":{"line":22,"column":16}},{"start":{"line":23,"column":8},"end":{"line":23,"column":10}}],"line":11},"1":{"loc":{"start":{"line":31,"column":8},"end":{"line":39,"column":10}},"type":"cond-expr","locations":[{"start":{"line":32,"column":8},"end":{"line":38,"column":9}},{"start":{"line":39,"column":8},"end":{"line":39,"column":10}}],"line":31}},"s":{"0":1},"f":{},"b":{"0":[0,1],"1":[0,1]},"_coverageSchema":"1a1c01bbd47fc00a2c39e90264f33305004495a9","hash":"abc70cb6cbd97c85c466cb556bc7ad0c942cea5f"}
}
