TN:
SF:jest.config.ts
FNF:0
FNH:0
DA:3,0
LF:1
LH:0
BRF:0
BRH:0
end_of_record
TN:
SF:example/index.js
FNF:0
FNH:0
DA:8,0
LF:1
LH:0
BRF:0
BRH:0
end_of_record
TN:
SF:example/metro.config.js
FN:21,(anonymous_0)
FN:26,(anonymous_1)
FN:33,(anonymous_2)
FNF:3
FNH:0
FNDA:0,(anonymous_0)
FNDA:0,(anonymous_1)
FNDA:0,(anonymous_2)
DA:1,0
DA:2,0
DA:3,0
DA:4,0
DA:6,0
DA:8,0
DA:12,0
DA:22,0
DA:27,0
DA:28,0
DA:33,0
LF:11
LH:0
BRF:0
BRH:0
end_of_record
TN:
SF:example/webpack.config.js
FN:8,(anonymous_0)
FNF:1
FNH:0
FNDA:0,(anonymous_0)
DA:1,0
DA:2,0
DA:3,0
DA:5,0
DA:6,0
DA:8,0
DA:9,0
DA:11,0
DA:19,0
DA:24,0
LF:10
LH:0
BRF:0
BRH:0
end_of_record
TN:
SF:example/src/App.tsx
FN:5,App
FN:14,(anonymous_1)
FN:18,(anonymous_2)
FNF:3
FNH:0
FNDA:0,App
FNDA:0,(anonymous_1)
FNDA:0,(anonymous_2)
DA:6,0
DA:7,0
DA:8,0
DA:10,0
DA:14,0
DA:18,0
DA:25,0
LF:7
LH:0
BRDA:6,0,0,0
BRDA:6,0,1,0
BRDA:11,1,0,0
BRDA:11,1,1,0
BRDA:13,2,0,0
BRDA:13,2,1,0
BRDA:19,3,0,0
BRDA:19,3,1,0
BRF:8
BRH:0
end_of_record
TN:
SF:lib/commonjs/index.ts
FN:1,(anonymous_0)
FNF:1
FNH:0
FNDA:0,(anonymous_0)
DA:1,0
LF:1
LH:0
BRDA:1,0,0,0
BRDA:1,1,0,0
BRDA:1,1,1,0
BRF:3
BRH:0
end_of_record
TN:
SF:lib/commonjs/features/BottomSheet/BottomSheet.tsx
FN:25,(anonymous_5)
FN:44,(anonymous_6)
FN:45,(anonymous_7)
FN:48,(anonymous_8)
FN:65,(anonymous_9)
FN:75,(anonymous_10)
FN:76,(anonymous_11)
FN:83,(anonymous_12)
FN:98,(anonymous_13)
FN:99,(anonymous_14)
FN:100,(anonymous_15)
FN:105,(anonymous_16)
FN:115,(anonymous_17)
FNF:13
FNH:0
FNDA:0,(anonymous_5)
FNDA:0,(anonymous_6)
FNDA:0,(anonymous_7)
FNDA:0,(anonymous_8)
FNDA:0,(anonymous_9)
FNDA:0,(anonymous_10)
FNDA:0,(anonymous_11)
FNDA:0,(anonymous_12)
FNDA:0,(anonymous_13)
FNDA:0,(anonymous_14)
FNDA:0,(anonymous_15)
FNDA:0,(anonymous_16)
FNDA:0,(anonymous_17)
DA:1,0
DA:2,0
DA:3,0
DA:24,0
DA:38,0
DA:40,0
DA:41,0
DA:42,0
DA:43,0
DA:44,0
DA:45,0
DA:47,0
DA:50,0
DA:51,0
DA:52,0
DA:57,0
DA:61,0
DA:66,0
DA:67,0
DA:73,0
DA:75,0
DA:77,0
DA:78,0
DA:84,0
DA:85,0
DA:86,0
DA:87,0
DA:89,0
DA:98,0
DA:99,0
DA:100,0
DA:103,0
DA:104,0
DA:105,0
DA:115,0
LF:35
LH:0
BRDA:28,0,0,0
BRDA:31,1,0,0
BRDA:32,2,0,0
BRDA:40,3,0,0
BRDA:40,3,1,0
BRDA:41,4,0,0
BRDA:41,4,1,0
BRDA:50,5,0,0
BRDA:77,6,0,0
BRDA:86,7,0,0
BRDA:86,7,1,0
BRDA:103,8,0,0
BRDA:110,9,0,0
BRDA:110,9,1,0
BRDA:117,10,0,0
BRDA:117,10,1,0
BRDA:125,11,0,0
BRDA:125,11,1,0
BRDA:125,12,0,0
BRDA:125,12,1,0
BRDA:126,13,0,0
BRDA:126,13,1,0
BRDA:126,14,0,0
BRDA:126,14,1,0
BRDA:127,15,0,0
BRDA:127,15,1,0
BRDA:127,16,0,0
BRDA:127,16,1,0
BRDA:131,17,0,0
BRDA:131,17,1,0
BRDA:131,17,2,0
BRDA:138,18,0,0
BRDA:138,18,1,0
BRDA:138,19,0,0
BRDA:138,19,1,0
BRF:35
BRH:0
end_of_record
TN:
SF:lib/commonjs/features/BottomSheet/index.ts
FN:1,(anonymous_0)
FNF:1
FNH:0
FNDA:0,(anonymous_0)
DA:1,0
LF:1
LH:0
BRDA:1,0,0,0
BRDA:1,1,0,0
BRDA:1,1,1,0
BRF:3
BRH:0
end_of_record
TN:
SF:lib/commonjs/features/BottomSheet/styles.ts
FNF:0
FNH:0
DA:1,0
DA:3,0
LF:2
LH:0
BRDA:11,0,0,0
BRDA:11,0,1,0
BRDA:31,1,0,0
BRDA:31,1,1,0
BRF:4
BRH:0
end_of_record
TN:
SF:lib/module/features/BottomSheet/BottomSheet.tsx
FN:25,(anonymous_2)
FN:44,(anonymous_3)
FN:45,(anonymous_4)
FN:48,(anonymous_5)
FN:65,(anonymous_6)
FN:75,(anonymous_7)
FN:76,(anonymous_8)
FN:83,(anonymous_9)
FN:98,(anonymous_10)
FN:99,(anonymous_11)
FN:100,(anonymous_12)
FN:105,(anonymous_13)
FN:115,(anonymous_14)
FNF:13
FNH:0
FNDA:0,(anonymous_2)
FNDA:0,(anonymous_3)
FNDA:0,(anonymous_4)
FNDA:0,(anonymous_5)
FNDA:0,(anonymous_6)
FNDA:0,(anonymous_7)
FNDA:0,(anonymous_8)
FNDA:0,(anonymous_9)
FNDA:0,(anonymous_10)
FNDA:0,(anonymous_11)
FNDA:0,(anonymous_12)
FNDA:0,(anonymous_13)
FNDA:0,(anonymous_14)
DA:24,0
DA:38,0
DA:40,0
DA:41,0
DA:42,0
DA:43,0
DA:44,0
DA:45,0
DA:47,0
DA:50,0
DA:51,0
DA:52,0
DA:57,0
DA:61,0
DA:66,0
DA:67,0
DA:73,0
DA:75,0
DA:77,0
DA:78,0
DA:84,0
DA:85,0
DA:86,0
DA:87,0
DA:89,0
DA:98,0
DA:99,0
DA:100,0
DA:103,0
DA:104,0
DA:105,0
DA:115,0
LF:32
LH:0
BRDA:28,0,0,0
BRDA:31,1,0,0
BRDA:32,2,0,0
BRDA:40,3,0,0
BRDA:40,3,1,0
BRDA:41,4,0,0
BRDA:41,4,1,0
BRDA:50,5,0,0
BRDA:77,6,0,0
BRDA:86,7,0,0
BRDA:86,7,1,0
BRDA:103,8,0,0
BRDA:110,9,0,0
BRDA:110,9,1,0
BRDA:117,10,0,0
BRDA:117,10,1,0
BRDA:125,11,0,0
BRDA:125,11,1,0
BRDA:125,12,0,0
BRDA:125,12,1,0
BRDA:126,13,0,0
BRDA:126,13,1,0
BRDA:126,14,0,0
BRDA:126,14,1,0
BRDA:127,15,0,0
BRDA:127,15,1,0
BRDA:127,16,0,0
BRDA:127,16,1,0
BRDA:131,17,0,0
BRDA:131,17,1,0
BRDA:131,17,2,0
BRDA:138,18,0,0
BRDA:138,18,1,0
BRDA:138,19,0,0
BRDA:138,19,1,0
BRF:35
BRH:0
end_of_record
TN:
SF:lib/module/features/BottomSheet/styles.ts
FNF:0
FNH:0
DA:3,0
LF:1
LH:0
BRDA:11,0,0,0
BRDA:11,0,1,0
BRDA:31,1,0,0
BRDA:31,1,1,0
BRF:4
BRH:0
end_of_record
TN:
SF:lib/typescript/jest.config.d.ts
FNF:0
FNH:0
LF:0
LH:0
BRF:0
BRH:0
end_of_record
TN:
SF:lib/typescript/src/index.d.ts
FNF:0
FNH:0
LF:0
LH:0
BRF:0
BRH:0
end_of_record
TN:
SF:lib/typescript/src/features/BottomSheet/BottomSheet.d.ts
FNF:0
FNH:0
LF:0
LH:0
BRF:0
BRH:0
end_of_record
TN:
SF:lib/typescript/src/features/BottomSheet/index.d.ts
FNF:0
FNH:0
LF:0
LH:0
BRF:0
BRH:0
end_of_record
TN:
SF:lib/typescript/src/features/BottomSheet/styles.d.ts
FNF:0
FNH:0
LF:0
LH:0
BRF:0
BRH:0
end_of_record
TN:
SF:scripts/bootstrap.js
FNF:0
FNH:0
DA:1,0
DA:2,0
DA:3,0
DA:5,0
DA:6,0
DA:7,0
DA:14,0
DA:15,0
DA:20,0
DA:23,0
DA:26,0
DA:29,0
LF:12
LH:0
BRDA:14,0,0,0
BRDA:14,0,1,0
BRDA:20,1,0,0
BRDA:20,1,1,0
BRDA:20,2,0,0
BRDA:20,2,1,0
BRF:6
BRH:0
end_of_record
TN:
SF:src/index.ts
FNF:0
FNH:0
LF:0
LH:0
BRF:0
BRH:0
end_of_record
TN:
SF:src/features/BottomSheet/BottomSheet.tsx
FN:29,(anonymous_0)
FN:52,(anonymous_1)
FN:53,(anonymous_2)
FN:56,(anonymous_3)
FN:65,(anonymous_4)
FN:77,(anonymous_5)
FN:88,(anonymous_6)
FN:89,(anonymous_7)
FN:96,(anonymous_8)
FN:111,(anonymous_9)
FN:112,(anonymous_10)
FN:113,(anonymous_11)
FN:118,(anonymous_12)
FN:128,(anonymous_13)
FNF:14
FNH:7
FNDA:3,(anonymous_0)
FNDA:1,(anonymous_1)
FNDA:1,(anonymous_2)
FNDA:1,(anonymous_3)
FNDA:1,(anonymous_4)
FNDA:0,(anonymous_5)
FNDA:0,(anonymous_6)
FNDA:0,(anonymous_7)
FNDA:0,(anonymous_8)
FNDA:2,(anonymous_9)
FNDA:1,(anonymous_10)
FNDA:0,(anonymous_11)
FNDA:0,(anonymous_12)
FNDA:0,(anonymous_13)
DA:28,1
DA:46,3
DA:48,2
DA:49,2
DA:50,2
DA:51,2
DA:52,2
DA:53,2
DA:55,2
DA:58,1
DA:59,1
DA:60,1
DA:61,1
DA:66,1
DA:68,1
DA:72,0
DA:73,0
DA:78,0
DA:79,0
DA:80,0
DA:86,2
DA:88,0
DA:90,0
DA:91,0
DA:97,0
DA:98,0
DA:99,0
DA:100,0
DA:102,0
DA:111,2
DA:112,1
DA:113,0
DA:116,2
DA:117,1
DA:118,0
DA:128,0
LF:36
LH:20
BRDA:32,0,0,2
BRDA:35,1,0,2
BRDA:36,2,0,2
BRDA:48,3,0,2
BRDA:48,3,1,2
BRDA:49,4,0,2
BRDA:49,4,1,0
BRDA:58,5,0,1
BRDA:58,5,1,0
BRDA:60,6,0,0
BRDA:60,6,1,1
BRDA:66,7,0,0
BRDA:66,7,1,1
BRDA:72,8,0,0
BRDA:72,8,1,0
BRDA:80,9,0,0
BRDA:80,9,1,0
BRDA:90,10,0,0
BRDA:90,10,1,0
BRDA:99,11,0,0
BRDA:99,11,1,0
BRDA:116,12,0,1
BRDA:116,12,1,1
BRDA:123,13,0,1
BRDA:123,13,1,1
BRDA:130,14,0,1
BRDA:130,14,1,1
BRDA:138,15,0,1
BRDA:138,15,1,1
BRDA:139,16,0,1
BRDA:139,16,1,1
BRDA:140,17,0,0
BRDA:140,17,1,1
BRDA:140,18,0,1
BRDA:140,18,1,1
BRDA:144,19,0,1
BRDA:144,19,1,1
BRDA:144,19,2,1
BRDA:151,20,0,0
BRDA:151,20,1,1
BRDA:151,21,0,1
BRDA:151,21,1,1
BRF:42
BRH:28
end_of_record
TN:
SF:src/features/BottomSheet/index.ts
FNF:0
FNH:0
LF:0
LH:0
BRF:0
BRH:0
end_of_record
TN:
SF:src/features/BottomSheet/styles.ts
FNF:0
FNH:0
DA:3,1
LF:1
LH:1
BRDA:11,0,0,0
BRDA:11,0,1,1
BRDA:31,1,0,0
BRDA:31,1,1,1
BRF:4
BRH:2
end_of_record
